<?xml version="1.0" encoding="UTF-8"?>
<!-- Generated by org.testng.reporters.JUnitReportReporter -->
<testsuite hostname="Waleed" failures="0" tests="7" name="MyTestCasses" time="6.719" errors="0" timestamp="2024-11-23T18:36:30 EET" skipped="5">
  <testcase classname="MyTestCasses" name="CheckTheEnglishLanguageIsDefault" time="6.660"/>
  <system-out/>
  <testcase classname="MyTestCasses" name="CheckReturnDate" time="0.059"/>
  <system-out/>
  <testcase classname="MyTestCasses" name="CheckDefaultTheCurrencyIsSAR">
    <skipped/>
  </testcase> <!-- CheckDefaultTheCurrencyIsSAR -->
  <system-out/>
  <testcase classname="MyTestCasses" name="CheckHotelTabIsNotSelected">
    <skipped/>
  </testcase> <!-- CheckHotelTabIsNotSelected -->
  <system-out/>
  <testcase classname="MyTestCasses" name="CheckQitafLogoIsThereInTheFooter">
    <skipped/>
  </testcase> <!-- CheckQitafLogoIsThereInTheFooter -->
  <system-out/>
  <testcase classname="MyTestCasses" name="CheckDepartureDate">
    <skipped/>
  </testcase> <!-- CheckDepartureDate -->
  <system-out/>
  <testcase classname="MyTestCasses" name="ContactNumber">
    <skipped/>
  </testcase> <!-- ContactNumber -->
  <system-out/>
</testsuite> <!-- MyTestCasses -->
