<?xml version="1.0" encoding="UTF-8"?>
<!-- Generated by org.testng.reporters.JUnitReportReporter -->
<testsuite hostname="Waleed" failures="0" tests="4" name="MyTestCasses" time="1.691" errors="0" timestamp="2024-11-23T16:26:44 EET" skipped="0">
  <testcase classname="MyTestCasses" name="CheckTheEnglishLanguageIsDefault" time="0.081"/>
  <system-out/>
  <testcase classname="MyTestCasses" name="CheckDefaultTheCurrencyIsSAR" time="1.414"/>
  <system-out/>
  <testcase classname="MyTestCasses" name="ContactNumber" time="0.096"/>
  <system-out/>
  <testcase classname="MyTestCasses" name="CheckQitafLogoIsThereInTheFooter" time="0.100"/>
  <system-out/>
</testsuite> <!-- MyTestCasses -->
