<?xml version="1.0" encoding="UTF-8"?>
<!-- Generated by org.testng.reporters.JUnitReportReporter -->
<testsuite hostname="Waleed" failures="0" tests="8" name="MyTestCasses" time="3.534" errors="0" timestamp="2024-11-23T19:09:35 EET" skipped="6">
  <testcase classname="MyTestCasses" name="CheckTheEnglishLanguageIsDefault" time="1.602"/>
  <system-out/>
  <testcase classname="MyTestCasses" name="RandomlyChangeTheLanguage" time="1.932"/>
  <system-out/>
  <testcase classname="MyTestCasses" name="CheckReturnDate">
    <skipped/>
  </testcase> <!-- CheckReturnDate -->
  <system-out/>
  <testcase classname="MyTestCasses" name="CheckHotelTabIsNotSelected">
    <skipped/>
  </testcase> <!-- CheckHotelTabIsNotSelected -->
  <system-out/>
  <testcase classname="MyTestCasses" name="CheckDefaultTheCurrencyIsSAR">
    <skipped/>
  </testcase> <!-- CheckDefaultTheCurrencyIsSAR -->
  <system-out/>
  <testcase classname="MyTestCasses" name="CheckQitafLogoIsThereInTheFooter">
    <skipped/>
  </testcase> <!-- CheckQitafLogoIsThereInTheFooter -->
  <system-out/>
  <testcase classname="MyTestCasses" name="CheckDepartureDate">
    <skipped/>
  </testcase> <!-- CheckDepartureDate -->
  <system-out/>
  <testcase classname="MyTestCasses" name="ContactNumber">
    <skipped/>
  </testcase> <!-- ContactNumber -->
  <system-out/>
</testsuite> <!-- MyTestCasses -->
